{
  "RSpec": {
    "coverage": {
      "/Users/victoriablack/Projects/Makers/week_5/Makersbnb-Group-4/spec/database_connection_spec.rb": {
        "lines": [
          1,
          null,
          1,
          1,
          1,
          1,
          null,
          1,
          null,
          null,
          1,
          1,
          null,
          1,
          null,
          null,
          null,
          1,
          1,
          1,
          null,
          1,
          null,
          1,
          null,
          null,
          null
        ]
      },
      "/Users/victoriablack/Projects/Makers/week_5/Makersbnb-Group-4/spec/features/adding_a_space_spec.rb": {
        "lines": [
          1,
          1,
          1,
          null,
          1,
          1,
          1,
          null,
          1,
          null,
          null
        ]
      },
      "/Users/victoriablack/Projects/Makers/week_5/Makersbnb-Group-4/spec/features/registration_spec.rb": {
        "lines": [
          1,
          1,
          1,
          1,
          1,
          1,
          1,
          null,
          1,
          null,
          null,
          null
        ]
      },
      "/Users/victoriablack/Projects/Makers/week_5/Makersbnb-Group-4/spec/features/viewing_spaces_spec.rb": {
        "lines": [
          1,
          1,
          null,
          1,
          1,
          null,
          1,
          1,
          1,
          null,
          null,
          null,
          1,
          2,
          2,
          2,
          2,
          2,
          null
        ]
      },
      "/Users/victoriablack/Projects/Makers/week_5/Makersbnb-Group-4/spec/space_spec.rb": {
        "lines": [
          1,
          1,
          1,
          null,
          1,
          4,
          4,
          4,
          4,
          4,
          null,
          1,
          1,
          1,
          null,
          null,
          null,
          1,
          1,
          1,
          null,
          null,
          null,
          1,
          1,
          1,
          null,
          null,
          null,
          1,
          1,
          1,
          1,
          null,
          1,
          null,
          1,
          null,
          1,
          1,
          1,
          1,
          null,
          null,
          null,
          1,
          1,
          1,
          1,
          1,
          null,
          1,
          1,
          1,
          null,
          null,
          null
        ]
      },
      "/Users/victoriablack/Projects/Makers/week_5/Makersbnb-Group-4/spec/database_helpers.rb": {
        "lines": [
          1,
          0,
          0,
          null
        ]
      },
      "/Users/victoriablack/Projects/Makers/week_5/Makersbnb-Group-4/spec/user_spec.rb": {
        "lines": [
          1,
          null,
          1,
          1,
          1,
          1,
          null,
          1,
          0,
          0,
          0,
          null,
          null,
          null,
          null,
          null,
          null
        ]
      },
      "/Users/victoriablack/Projects/Makers/week_5/Makersbnb-Group-4/lib/user.rb": {
        "lines": [
          null,
          1,
          null,
          1,
          null,
          1,
          0,
          0,
          0,
          null,
          null,
          null,
          1,
          null,
          null,
          null
        ]
      }
    },
    "timestamp": 1642523308
  }
}
